<?xml version="1.0" encoding="UTF-8"?>
<testng-results ignored="0" total="1" passed="1" failed="0" skipped="0">
  <reporter-output>
  </reporter-output>
  <suite started-at="2024-02-15T08:03:01 GMT-05:00" name="Default suite" finished-at="2024-02-15T08:03:01 GMT-05:00" duration-ms="77">
    <groups>
    </groups>
    <test started-at="2024-02-15T08:03:01 GMT-05:00" name="Default test" finished-at="2024-02-15T08:03:01 GMT-05:00" duration-ms="77">
      <class name="corejava.ps1">
        <test-method is-config="true" signature="beforeRun()[pri:0, instance:corejava.ps1@693fe6c9]" started-at="2024-02-15T08:03:01 GMT-05:00" name="beforeRun" finished-at="2024-02-15T08:03:01 GMT-05:00" duration-ms="6" status="PASS">
          <reporter-output>
          </reporter-output>
        </test-method> <!-- beforeRun -->
        <test-method signature="testRun()[pri:0, instance:corejava.ps1@693fe6c9]" started-at="2024-02-15T08:03:01 GMT-05:00" name="testRun" finished-at="2024-02-15T08:03:01 GMT-05:00" duration-ms="10" status="PASS">
          <reporter-output>
          </reporter-output>
        </test-method> <!-- testRun -->
        <test-method is-config="true" signature="afterRun()[pri:0, instance:corejava.ps1@693fe6c9]" started-at="2024-02-15T08:03:01 GMT-05:00" name="afterRun" finished-at="2024-02-15T08:03:01 GMT-05:00" duration-ms="1" status="PASS">
          <reporter-output>
          </reporter-output>
        </test-method> <!-- afterRun -->
      </class> <!-- corejava.ps1 -->
    </test> <!-- Default test -->
  </suite> <!-- Default suite -->
</testng-results>
