<?xml version="1.0" encoding="UTF-8"?>
<testng-results ignored="0" total="2" passed="2" failed="0" skipped="0">
  <reporter-output>
  </reporter-output>
  <suite started-at="2024-02-20T23:56:52 GMT-05:00" name="Default suite" finished-at="2024-02-20T23:56:52 GMT-05:00" duration-ms="158">
    <groups>
    </groups>
    <test started-at="2024-02-20T23:56:52 GMT-05:00" name="Default test" finished-at="2024-02-20T23:56:52 GMT-05:00" duration-ms="158">
      <class name="test.day1">
        <test-method signature="Demo()[pri:0, instance:test.day1@5562c41e]" started-at="2024-02-20T23:56:52 GMT-05:00" name="Demo" finished-at="2024-02-20T23:56:52 GMT-05:00" duration-ms="18" status="PASS">
          <reporter-output>
          </reporter-output>
        </test-method> <!-- Demo -->
        <test-method signature="SecondTest()[pri:0, instance:test.day1@5562c41e]" started-at="2024-02-20T23:56:52 GMT-05:00" name="SecondTest" finished-at="2024-02-20T23:56:52 GMT-05:00" duration-ms="5" status="PASS">
          <reporter-output>
          </reporter-output>
        </test-method> <!-- SecondTest -->
        <test-method is-config="true" signature="lastexecution()[pri:0, instance:test.day1@5562c41e]" started-at="2024-02-20T23:56:52 GMT-05:00" name="lastexecution" finished-at="2024-02-20T23:56:52 GMT-05:00" duration-ms="6" status="PASS">
          <reporter-output>
          </reporter-output>
        </test-method> <!-- lastexecution -->
      </class> <!-- test.day1 -->
    </test> <!-- Default test -->
  </suite> <!-- Default suite -->
</testng-results>
