<?xml version="1.0" encoding="UTF-8"?>
<!-- Generated by org.testng.reporters.JUnitXMLReporter -->
<testsuite ignored="1" hostname="DESKTOP-O75M0A0" failures="0" tests="2" name="Personal Loan" time="0.068" errors="0" timestamp="2024-02-13T21:26:04 GMT-05:00">
  <testcase classname="test.day1" name="Demo" time="0.007"/>
  <testcase classname="test.day2" name="ploan" time="0.004"/>
  <testcase classname="test.day1" name="SecondTest" time="0.0">
    <ignored/>
  </testcase> <!-- SecondTest -->
</testsuite> <!-- Personal Loan -->
