<?xml version="1.0" encoding="UTF-8"?>
<!-- Generated by org.testng.reporters.JUnitXMLReporter -->
<testsuite ignored="0" hostname="DESKTOP-O75M0A0" failures="0" tests="9" name="Test" time="0.139" errors="0" timestamp="2024-02-13T12:56:07 GMT-05:00">
  <testcase classname="test.day1" name="Demo" time="0.012"/>
  <testcase classname="test.day1" name="SecondTest" time="0.003"/>
  <testcase classname="test.day2" name="ploan" time="0.006"/>
  <testcase classname="test.day3" name="LoginAPIcarLoan" time="0.002"/>
  <testcase classname="test.day3" name="MobileLogincarLoan" time="0.003"/>
  <testcase classname="test.day3" name="WebloginCarLoan" time="0.002"/>
  <testcase classname="test.day4" name="LoginAPIHomeLoan" time="0.004"/>
  <testcase classname="test.day4" name="MobileLoginHomeLoan" time="0.002"/>
  <testcase classname="test.day4" name="WebloginHomeLoan" time="0.004"/>
</testsuite> <!-- Test -->
